<?xml version="1.0" encoding="UTF-8"?>
<testng-results ignored="0" total="3" passed="2" failed="1" skipped="0">
  <reporter-output>
  </reporter-output>
  <suite started-at="2023-07-15T22:33:03 EET" name="Suite" finished-at="2023-07-15T22:34:07 EET" duration-ms="63457">
    <groups>
    </groups>
    <test started-at="2023-07-15T22:33:03 EET" name="Test" finished-at="2023-07-15T22:34:07 EET" duration-ms="63457">
      <class name="Task.Automation.Registeration">
        <test-method is-config="true" signature="beforeMethod()[pri:0, instance:Task.Automation.Registeration@8f2ef19]" started-at="2023-07-15T22:33:03 EET" name="beforeMethod" finished-at="2023-07-15T22:33:11 EET" duration-ms="7614" status="PASS">
          <reporter-output>
          </reporter-output>
        </test-method> <!-- beforeMethod -->
        <test-method signature="RegisterationNewUser(java.lang.String,java.lang.String,java.lang.String,java.lang.String,java.lang.String,java.lang.String,java.lang.String)[pri:0, instance:Task.Automation.Registeration@8f2ef19]" started-at="2023-07-15T22:33:11 EET" name="RegisterationNewUser" data-provider="userData" finished-at="2023-07-15T22:33:28 EET" duration-ms="16719" status="PASS">
          <params>
            <param index="0">
              <value>
                <![CDATA[email]]>
              </value>
            </param>
            <param index="1">
              <value>
                <![CDATA[TEMP@new123456789]]>
              </value>
            </param>
            <param index="2">
              <value>
                <![CDATA[fname]]>
              </value>
            </param>
            <param index="3">
              <value>
                <![CDATA[lname]]>
              </value>
            </param>
            <param index="4">
              <value>
                <![CDATA[1234567890]]>
              </value>
            </param>
            <param index="5">
              <value>
                <![CDATA[Male]]>
              </value>
            </param>
            <param index="6">
              <value>
                <![CDATA[11181993]]>
              </value>
            </param>
          </params>
          <reporter-output>
          </reporter-output>
        </test-method> <!-- RegisterationNewUser -->
        <test-method is-config="true" signature="afterMethod()[pri:0, instance:Task.Automation.Registeration@8f2ef19]" started-at="2023-07-15T22:33:28 EET" name="afterMethod" finished-at="2023-07-15T22:33:28 EET" duration-ms="698" status="PASS">
          <reporter-output>
          </reporter-output>
        </test-method> <!-- afterMethod -->
        <test-method is-config="true" signature="beforeMethod()[pri:0, instance:Task.Automation.Registeration@8f2ef19]" started-at="2023-07-15T22:33:28 EET" name="beforeMethod" finished-at="2023-07-15T22:33:33 EET" duration-ms="5017" status="PASS">
          <reporter-output>
          </reporter-output>
        </test-method> <!-- beforeMethod -->
        <test-method signature="RegisterationNewUser(java.lang.String,java.lang.String,java.lang.String,java.lang.String,java.lang.String,java.lang.String,java.lang.String)[pri:0, instance:Task.Automation.Registeration@8f2ef19]" started-at="2023-07-15T22:33:33 EET" name="RegisterationNewUser" data-provider="userData" finished-at="2023-07-15T22:33:49 EET" duration-ms="15701" status="PASS">
          <params>
            <param index="0">
              <value>
                <![CDATA[email2]]>
              </value>
            </param>
            <param index="1">
              <value>
                <![CDATA[TEMP@new123456789]]>
              </value>
            </param>
            <param index="2">
              <value>
                <![CDATA[fname]]>
              </value>
            </param>
            <param index="3">
              <value>
                <![CDATA[lname]]>
              </value>
            </param>
            <param index="4">
              <value>
                <![CDATA[1234567890]]>
              </value>
            </param>
            <param index="5">
              <value>
                <![CDATA[Female]]>
              </value>
            </param>
            <param index="6">
              <value>
                <![CDATA[11181993]]>
              </value>
            </param>
          </params>
          <reporter-output>
          </reporter-output>
        </test-method> <!-- RegisterationNewUser -->
        <test-method is-config="true" signature="afterMethod()[pri:0, instance:Task.Automation.Registeration@8f2ef19]" started-at="2023-07-15T22:33:49 EET" name="afterMethod" finished-at="2023-07-15T22:33:49 EET" duration-ms="313" status="PASS">
          <reporter-output>
          </reporter-output>
        </test-method> <!-- afterMethod -->
      </class> <!-- Task.Automation.Registeration -->
      <class name="Task.Automation.secondTask">
        <test-method is-config="true" signature="beforeMethod()[pri:0, instance:Task.Automation.secondTask@5afa3c9]" started-at="2023-07-15T22:33:49 EET" name="beforeMethod" finished-at="2023-07-15T22:33:54 EET" duration-ms="4536" status="PASS">
          <reporter-output>
          </reporter-output>
        </test-method> <!-- beforeMethod -->
        <test-method signature="secondAutomationTask(java.lang.String,java.lang.String)[pri:0, instance:Task.Automation.secondTask@5afa3c9]" started-at="2023-07-15T22:33:54 EET" name="secondAutomationTask" data-provider="logindata" finished-at="2023-07-15T22:34:06 EET" duration-ms="12128" status="FAIL">
          <params>
            <param index="0">
              <value>
                <![CDATA[test_automation@gmail.com]]>
              </value>
            </param>
            <param index="1">
              <value>
                <![CDATA[TEMP@new123456789]]>
              </value>
            </param>
          </params>
          <exception class="org.openqa.selenium.ElementNotInteractableException">
            <message>
              <![CDATA[element not interactable: [object HTMLSpanElement] has no size and location
  (Session info: chrome=114.0.5735.199)
Build info: version: '4.10.0', revision: 'c14d967899'
System info: os.name: 'Windows 10', os.arch: 'amd64', os.version: '10.0', java.version: '17.0.7'
Driver info: org.openqa.selenium.chrome.ChromeDriver
Command: [5791981135558dfafb7999754971abd9, actions {actions=[org.openqa.selenium.interactions.Sequence@6397248c]}]
Capabilities {acceptInsecureCerts: false, browserName: chrome, browserVersion: 114.0.5735.199, chrome: {chromedriverVersion: 114.0.5735.90 (386bc09e8f4f..., userDataDir: C:\Users\MARK~1.MED\AppData...}, goog:chromeOptions: {debuggerAddress: localhost:63583}, networkConnectionEnabled: false, pageLoadStrategy: normal, platformName: windows, proxy: Proxy(), se:cdp: ws://localhost:63583/devtoo..., se:cdpVersion: 114.0.5735.199, setWindowRect: true, strictFileInteractability: false, timeouts: {implicit: 0, pageLoad: 300000, script: 30000}, unhandledPromptBehavior: dismiss and notify, webauthn:extension:credBlob: true, webauthn:extension:largeBlob: true, webauthn:extension:minPinLength: true, webauthn:extension:prf: true, webauthn:virtualAuthenticators: true}
Session ID: 5791981135558dfafb7999754971abd9]]>
            </message>
            <full-stacktrace>
              <![CDATA[org.openqa.selenium.ElementNotInteractableException: element not interactable: [object HTMLSpanElement] has no size and location
  (Session info: chrome=114.0.5735.199)
Build info: version: '4.10.0', revision: 'c14d967899'
System info: os.name: 'Windows 10', os.arch: 'amd64', os.version: '10.0', java.version: '17.0.7'
Driver info: org.openqa.selenium.chrome.ChromeDriver
Command: [5791981135558dfafb7999754971abd9, actions {actions=[org.openqa.selenium.interactions.Sequence@6397248c]}]
Capabilities {acceptInsecureCerts: false, browserName: chrome, browserVersion: 114.0.5735.199, chrome: {chromedriverVersion: 114.0.5735.90 (386bc09e8f4f..., userDataDir: C:\Users\MARK~1.MED\AppData...}, goog:chromeOptions: {debuggerAddress: localhost:63583}, networkConnectionEnabled: false, pageLoadStrategy: normal, platformName: windows, proxy: Proxy(), se:cdp: ws://localhost:63583/devtoo..., se:cdpVersion: 114.0.5735.199, setWindowRect: true, strictFileInteractability: false, timeouts: {implicit: 0, pageLoad: 300000, script: 30000}, unhandledPromptBehavior: dismiss and notify, webauthn:extension:credBlob: true, webauthn:extension:largeBlob: true, webauthn:extension:minPinLength: true, webauthn:extension:prf: true, webauthn:virtualAuthenticators: true}
Session ID: 5791981135558dfafb7999754971abd9
at java.base/jdk.internal.reflect.NativeConstructorAccessorImpl.newInstance0(Native Method)
at java.base/jdk.internal.reflect.NativeConstructorAccessorImpl.newInstance(NativeConstructorAccessorImpl.java:77)
at java.base/jdk.internal.reflect.DelegatingConstructorAccessorImpl.newInstance(DelegatingConstructorAccessorImpl.java:45)
at java.base/java.lang.reflect.Constructor.newInstanceWithCaller(Constructor.java:499)
at java.base/java.lang.reflect.Constructor.newInstance(Constructor.java:480)
at org.openqa.selenium.remote.codec.w3c.W3CHttpResponseCodec.createException(W3CHttpResponseCodec.java:199)
at org.openqa.selenium.remote.codec.w3c.W3CHttpResponseCodec.decode(W3CHttpResponseCodec.java:132)
at org.openqa.selenium.remote.codec.w3c.W3CHttpResponseCodec.decode(W3CHttpResponseCodec.java:51)
at org.openqa.selenium.remote.HttpCommandExecutor.execute(HttpCommandExecutor.java:191)
at org.openqa.selenium.remote.service.DriverCommandExecutor.invokeExecute(DriverCommandExecutor.java:196)
at org.openqa.selenium.remote.service.DriverCommandExecutor.execute(DriverCommandExecutor.java:171)
at org.openqa.selenium.remote.RemoteWebDriver.execute(RemoteWebDriver.java:531)
at org.openqa.selenium.remote.RemoteWebDriver.perform(RemoteWebDriver.java:603)
at org.openqa.selenium.interactions.Actions$BuiltAction.perform(Actions.java:585)
at org.openqa.selenium.interactions.Actions.perform(Actions.java:554)
at Task.Automation.HomePage.hoverOnitem(HomePage.java:68)
at Task.Automation.HomePage.hoverOnFasionSectionThenPressOnShirts(HomePage.java:77)
at Task.Automation.secondTask.secondAutomationTask(secondTask.java:29)
at java.base/jdk.internal.reflect.NativeMethodAccessorImpl.invoke0(Native Method)
at java.base/jdk.internal.reflect.NativeMethodAccessorImpl.invoke(NativeMethodAccessorImpl.java:77)
at java.base/jdk.internal.reflect.DelegatingMethodAccessorImpl.invoke(DelegatingMethodAccessorImpl.java:43)
at java.base/java.lang.reflect.Method.invoke(Method.java:568)
at org.testng.internal.invokers.MethodInvocationHelper.invokeMethod(MethodInvocationHelper.java:139)
at org.testng.internal.invokers.TestInvoker.invokeMethod(TestInvoker.java:664)
at org.testng.internal.invokers.TestInvoker.invokeTestMethod(TestInvoker.java:227)
at org.testng.internal.invokers.MethodRunner.runInSequence(MethodRunner.java:50)
at org.testng.internal.invokers.TestInvoker$MethodInvocationAgent.invoke(TestInvoker.java:957)
at org.testng.internal.invokers.TestInvoker.invokeTestMethods(TestInvoker.java:200)
at org.testng.internal.invokers.TestMethodWorker.invokeTestMethods(TestMethodWorker.java:148)
at org.testng.internal.invokers.TestMethodWorker.run(TestMethodWorker.java:128)
at java.base/java.util.ArrayList.forEach(ArrayList.java:1511)
at org.testng.TestRunner.privateRun(TestRunner.java:848)
at org.testng.TestRunner.run(TestRunner.java:621)
at org.testng.SuiteRunner.runTest(SuiteRunner.java:443)
at org.testng.SuiteRunner.runSequentially(SuiteRunner.java:437)
at org.testng.SuiteRunner.privateRun(SuiteRunner.java:397)
at org.testng.SuiteRunner.run(SuiteRunner.java:336)
at org.testng.SuiteRunnerWorker.runSuite(SuiteRunnerWorker.java:52)
at org.testng.SuiteRunnerWorker.run(SuiteRunnerWorker.java:95)
at org.testng.TestNG.runSuitesSequentially(TestNG.java:1280)
at org.testng.TestNG.runSuitesLocally(TestNG.java:1200)
at org.testng.TestNG.runSuites(TestNG.java:1114)
at org.testng.TestNG.run(TestNG.java:1082)
at org.testng.remote.AbstractRemoteTestNG.run(AbstractRemoteTestNG.java:115)
at org.testng.remote.RemoteTestNG.initAndRun(RemoteTestNG.java:251)
at org.testng.remote.RemoteTestNG.main(RemoteTestNG.java:77)
]]>
            </full-stacktrace>
          </exception> <!-- org.openqa.selenium.ElementNotInteractableException -->
          <reporter-output>
          </reporter-output>
        </test-method> <!-- secondAutomationTask -->
        <test-method is-config="true" signature="afterMethod()[pri:0, instance:Task.Automation.secondTask@5afa3c9]" started-at="2023-07-15T22:34:06 EET" name="afterMethod" finished-at="2023-07-15T22:34:07 EET" duration-ms="652" status="PASS">
          <reporter-output>
          </reporter-output>
        </test-method> <!-- afterMethod -->
      </class> <!-- Task.Automation.secondTask -->
    </test> <!-- Test -->
  </suite> <!-- Suite -->
</testng-results>
